<?xml version="1.0" encoding="UTF-8"?>
<!-- Generated by org.testng.reporters.JUnitReportReporter -->
<testsuite skipped="0" hostname="DESKTOP-M6F4OER" name="com.test.OMRBranchClub" tests="6" failures="0" timestamp="18 Jul 2022 14:01:46 GMT" time="12.515" errors="0">
  <testcase name="login" time="8.318" classname="com.test.OMRBranchClub"/>
  <testcase name="addAddress" time="1.151" classname="com.test.OMRBranchClub"/>
  <testcase name="updateAddress" time="0.781" classname="com.test.OMRBranchClub"/>
  <testcase name="deleteAddress" time="0.700" classname="com.test.OMRBranchClub"/>
  <testcase name="getUserAddress" time="0.547" classname="com.test.OMRBranchClub"/>
  <testcase name="changeProfilePic" time="1.018" classname="com.test.OMRBranchClub"/>
</testsuite> <!-- com.test.OMRBranchClub -->
