<?xml version="1.0" encoding="UTF-8"?>
<!-- Generated by org.testng.reporters.JUnitReportReporter -->
<testsuite skipped="0" hostname="DESKTOP-M6F4OER" name="com.base.Interview" tests="1" failures="0" timestamp="03 Mar 2023 03:35:54 GMT" time="8.215" errors="0">
  <testcase name="getPoint" time="8.215" classname="com.base.Interview"/>
</testsuite> <!-- com.base.Interview -->
